2021-10-21 10:33:58 0 [Note] InnoDB: Mutexes and rw_locks use Windows interlocked functions
2021-10-21 10:33:58 0 [Note] InnoDB: Uses event mutexes
2021-10-21 10:33:58 0 [Note] InnoDB: Compressed tables use zlib 1.2.11
2021-10-21 10:33:58 0 [Note] InnoDB: Number of pools: 1
2021-10-21 10:33:58 0 [Note] InnoDB: Using SSE2 crc32 instructions
2021-10-21 10:33:58 0 [Note] InnoDB: Initializing buffer pool, total size = 16M, instances = 1, chunk size = 16M
2021-10-21 10:33:58 0 [Note] InnoDB: Completed initialization of buffer pool
2021-10-21 10:33:58 0 [Note] InnoDB: Starting crash recovery from checkpoint LSN=300288
2021-10-21 10:33:58 0 [Note] InnoDB: 128 out of 128 rollback segments are active.
2021-10-21 10:33:58 0 [Note] InnoDB: Removed temporary tablespace data file: "ibtmp1"
2021-10-21 10:33:58 0 [Note] InnoDB: Creating shared tablespace for temporary tables
2021-10-21 10:33:58 0 [Note] InnoDB: Setting file 'C:\xampp\mysql\data\ibtmp1' size to 12 MB. Physically writing the file full; Please wait ...
2021-10-21 10:33:58 0 [Note] InnoDB: File 'C:\xampp\mysql\data\ibtmp1' size is now 12 MB.
2021-10-21 10:33:58 0 [Note] InnoDB: Waiting for purge to start
2021-10-21 10:33:58 0 [Note] InnoDB: 10.4.21 started; log sequence number 300297; transaction id 170
2021-10-21 10:33:58 0 [Note] InnoDB: Loading buffer pool(s) from C:\xampp\mysql\data\ib_buffer_pool
2021-10-21 10:33:58 0 [Note] Plugin 'FEEDBACK' is disabled.
2021-10-21 10:33:58 0 [Note] Server socket created on IP: '::'.
2021-10-21 11:10:49 0 [Note] mysqld.exe: Aria engine: starting recovery
recovered pages: 0% 25% 36% 100% (0.0 seconds); tables to flush: 1 0
 (0.0 seconds); 
2021-10-21 11:10:49 0 [Note] mysqld.exe: Aria engine: recovery done
2021-10-21 11:10:49 0 [Note] InnoDB: Mutexes and rw_locks use Windows interlocked functions
2021-10-21 11:10:49 0 [Note] InnoDB: Uses event mutexes
2021-10-21 11:10:49 0 [Note] InnoDB: Compressed tables use zlib 1.2.11
2021-10-21 11:10:49 0 [Note] InnoDB: Number of pools: 1
2021-10-21 11:10:49 0 [Note] InnoDB: Using SSE2 crc32 instructions
2021-10-21 11:10:49 0 [Note] InnoDB: Initializing buffer pool, total size = 16M, instances = 1, chunk size = 16M
2021-10-21 11:10:49 0 [Note] InnoDB: Completed initialization of buffer pool
2021-10-21 11:10:49 0 [Note] InnoDB: Starting crash recovery from checkpoint LSN=318317
2021-10-21 11:10:50 0 [Note] InnoDB: 128 out of 128 rollback segments are active.
2021-10-21 11:10:50 0 [Note] InnoDB: Removed temporary tablespace data file: "ibtmp1"
2021-10-21 11:10:50 0 [Note] InnoDB: Creating shared tablespace for temporary tables
2021-10-21 11:10:50 0 [Note] InnoDB: Setting file 'C:\xampp\mysql\data\ibtmp1' size to 12 MB. Physically writing the file full; Please wait ...
2021-10-21 11:10:50 0 [Note] InnoDB: File 'C:\xampp\mysql\data\ibtmp1' size is now 12 MB.
2021-10-21 11:10:50 0 [Note] InnoDB: Waiting for purge to start
2021-10-21 11:10:50 0 [Note] InnoDB: 10.4.21 started; log sequence number 318326; transaction id 215
2021-10-21 11:10:50 0 [Note] InnoDB: Loading buffer pool(s) from C:\xampp\mysql\data\ib_buffer_pool
2021-10-21 11:10:50 0 [Note] Plugin 'FEEDBACK' is disabled.
2021-10-21 11:10:50 0 [Note] Server socket created on IP: '::'.
2021-10-21 12:56:30 0 [Note] InnoDB: Mutexes and rw_locks use Windows interlocked functions
2021-10-21 12:56:30 0 [Note] InnoDB: Uses event mutexes
2021-10-21 12:56:30 0 [Note] InnoDB: Compressed tables use zlib 1.2.11
2021-10-21 12:56:30 0 [Note] InnoDB: Number of pools: 1
2021-10-21 12:56:30 0 [Note] InnoDB: Using SSE2 crc32 instructions
2021-10-21 12:56:30 0 [Note] InnoDB: Initializing buffer pool, total size = 16M, instances = 1, chunk size = 16M
2021-10-21 12:56:30 0 [Note] InnoDB: Completed initialization of buffer pool
2021-10-21 12:56:30 0 [Note] InnoDB: Starting crash recovery from checkpoint LSN=318335
2021-10-21 12:56:30 0 [Note] InnoDB: 128 out of 128 rollback segments are active.
2021-10-21 12:56:30 0 [Note] InnoDB: Removed temporary tablespace data file: "ibtmp1"
2021-10-21 12:56:30 0 [Note] InnoDB: Creating shared tablespace for temporary tables
2021-10-21 12:56:30 0 [Note] InnoDB: Setting file 'C:\xampp\mysql\data\ibtmp1' size to 12 MB. Physically writing the file full; Please wait ...
2021-10-21 12:56:30 0 [Note] InnoDB: File 'C:\xampp\mysql\data\ibtmp1' size is now 12 MB.
2021-10-21 12:56:30 0 [Note] InnoDB: Waiting for purge to start
2021-10-21 12:56:30 0 [Note] InnoDB: 10.4.21 started; log sequence number 318344; transaction id 215
2021-10-21 12:56:30 0 [Note] InnoDB: Loading buffer pool(s) from C:\xampp\mysql\data\ib_buffer_pool
2021-10-21 12:56:30 0 [Note] Plugin 'FEEDBACK' is disabled.
2021-10-21 12:56:30 0 [Note] Server socket created on IP: '::'.
2021-11-03 14:56:32 0 [Note] InnoDB: Mutexes and rw_locks use Windows interlocked functions
2021-11-03 14:56:32 0 [Note] InnoDB: Uses event mutexes
2021-11-03 14:56:32 0 [Note] InnoDB: Compressed tables use zlib 1.2.11
2021-11-03 14:56:32 0 [Note] InnoDB: Number of pools: 1
2021-11-03 14:56:32 0 [Note] InnoDB: Using SSE2 crc32 instructions
2021-11-03 14:56:32 0 [Note] InnoDB: Initializing buffer pool, total size = 16M, instances = 1, chunk size = 16M
2021-11-03 14:56:32 0 [Note] InnoDB: Completed initialization of buffer pool
2021-11-03 14:56:32 0 [Note] InnoDB: Starting crash recovery from checkpoint LSN=318353
2021-11-03 14:56:32 0 [Note] InnoDB: 128 out of 128 rollback segments are active.
2021-11-03 14:56:32 0 [Note] InnoDB: Removed temporary tablespace data file: "ibtmp1"
2021-11-03 14:56:32 0 [Note] InnoDB: Creating shared tablespace for temporary tables
2021-11-03 14:56:32 0 [Note] InnoDB: Setting file 'C:\xampp\mysql\data\ibtmp1' size to 12 MB. Physically writing the file full; Please wait ...
2021-11-03 14:56:32 0 [Note] InnoDB: File 'C:\xampp\mysql\data\ibtmp1' size is now 12 MB.
2021-11-03 14:56:32 0 [Note] InnoDB: Waiting for purge to start
2021-11-03 14:56:32 0 [Note] InnoDB: 10.4.21 started; log sequence number 318362; transaction id 215
2021-11-03 14:56:32 0 [Note] InnoDB: Loading buffer pool(s) from C:\xampp\mysql\data\ib_buffer_pool
2021-11-03 14:56:32 0 [Note] Plugin 'FEEDBACK' is disabled.
2021-11-03 14:56:32 0 [Note] InnoDB: Buffer pool(s) load completed at 211103 14:56:32
2021-11-03 14:56:32 0 [Note] Server socket created on IP: '::'.
2021-11-03 15:02:24 0 [Note] InnoDB: Mutexes and rw_locks use Windows interlocked functions
2021-11-03 15:02:24 0 [Note] InnoDB: Uses event mutexes
2021-11-03 15:02:24 0 [Note] InnoDB: Compressed tables use zlib 1.2.11
2021-11-03 15:02:24 0 [Note] InnoDB: Number of pools: 1
2021-11-03 15:02:24 0 [Note] InnoDB: Using SSE2 crc32 instructions
2021-11-03 15:02:24 0 [Note] InnoDB: Initializing buffer pool, total size = 16M, instances = 1, chunk size = 16M
2021-11-03 15:02:24 0 [Note] InnoDB: Completed initialization of buffer pool
2021-11-03 15:02:24 0 [Note] InnoDB: Starting crash recovery from checkpoint LSN=318371
2021-11-03 15:02:25 0 [Note] InnoDB: 128 out of 128 rollback segments are active.
2021-11-03 15:02:25 0 [Note] InnoDB: Removed temporary tablespace data file: "ibtmp1"
2021-11-03 15:02:25 0 [Note] InnoDB: Creating shared tablespace for temporary tables
2021-11-03 15:02:25 0 [Note] InnoDB: Setting file 'C:\xampp\mysql\data\ibtmp1' size to 12 MB. Physically writing the file full; Please wait ...
2021-11-03 15:02:25 0 [Note] InnoDB: File 'C:\xampp\mysql\data\ibtmp1' size is now 12 MB.
2021-11-03 15:02:25 0 [Note] InnoDB: Waiting for purge to start
2021-11-03 15:02:25 0 [Note] InnoDB: 10.4.21 started; log sequence number 318380; transaction id 215
2021-11-03 15:02:25 0 [Note] InnoDB: Loading buffer pool(s) from C:\xampp\mysql\data\ib_buffer_pool
2021-11-03 15:02:25 0 [Note] Plugin 'FEEDBACK' is disabled.
2021-11-03 15:02:25 0 [Note] Server socket created on IP: '::'.
2021-11-04  9:03:59 0 [Note] InnoDB: Mutexes and rw_locks use Windows interlocked functions
2021-11-04  9:03:59 0 [Note] InnoDB: Uses event mutexes
2021-11-04  9:03:59 0 [Note] InnoDB: Compressed tables use zlib 1.2.11
2021-11-04  9:03:59 0 [Note] InnoDB: Number of pools: 1
2021-11-04  9:03:59 0 [Note] InnoDB: Using SSE2 crc32 instructions
2021-11-04  9:03:59 0 [Note] InnoDB: Initializing buffer pool, total size = 16M, instances = 1, chunk size = 16M
2021-11-04  9:03:59 0 [Note] InnoDB: Completed initialization of buffer pool
2021-11-04  9:03:59 0 [Note] InnoDB: Starting crash recovery from checkpoint LSN=318389
2021-11-04  9:04:00 0 [Note] InnoDB: 128 out of 128 rollback segments are active.
2021-11-04  9:04:00 0 [Note] InnoDB: Removed temporary tablespace data file: "ibtmp1"
2021-11-04  9:04:00 0 [Note] InnoDB: Creating shared tablespace for temporary tables
2021-11-04  9:04:00 0 [Note] InnoDB: Setting file 'C:\xampp\mysql\data\ibtmp1' size to 12 MB. Physically writing the file full; Please wait ...
2021-11-04  9:04:00 0 [Note] InnoDB: File 'C:\xampp\mysql\data\ibtmp1' size is now 12 MB.
2021-11-04  9:04:00 0 [Note] InnoDB: Waiting for purge to start
2021-11-04  9:04:00 0 [Note] InnoDB: 10.4.21 started; log sequence number 318398; transaction id 215
2021-11-04  9:04:00 0 [Note] InnoDB: Loading buffer pool(s) from C:\xampp\mysql\data\ib_buffer_pool
2021-11-04  9:04:00 0 [Note] Plugin 'FEEDBACK' is disabled.
2021-11-04  9:04:00 0 [Note] InnoDB: Buffer pool(s) load completed at 211104  9:04:00
2021-11-04  9:04:00 0 [Note] Server socket created on IP: '::'.
2021-11-04 11:03:22 0 [Note] InnoDB: Mutexes and rw_locks use Windows interlocked functions
2021-11-04 11:03:22 0 [Note] InnoDB: Uses event mutexes
2021-11-04 11:03:22 0 [Note] InnoDB: Compressed tables use zlib 1.2.11
2021-11-04 11:03:22 0 [Note] InnoDB: Number of pools: 1
2021-11-04 11:03:22 0 [Note] InnoDB: Using SSE2 crc32 instructions
2021-11-04 11:03:22 0 [Note] InnoDB: Initializing buffer pool, total size = 16M, instances = 1, chunk size = 16M
2021-11-04 11:03:22 0 [Note] InnoDB: Completed initialization of buffer pool
2021-11-04 11:03:22 0 [Note] InnoDB: Starting crash recovery from checkpoint LSN=338655
2021-11-04 11:03:22 0 [Note] InnoDB: 128 out of 128 rollback segments are active.
2021-11-04 11:03:22 0 [Note] InnoDB: Removed temporary tablespace data file: "ibtmp1"
2021-11-04 11:03:22 0 [Note] InnoDB: Creating shared tablespace for temporary tables
2021-11-04 11:03:22 0 [Note] InnoDB: Setting file 'C:\xampp\mysql\data\ibtmp1' size to 12 MB. Physically writing the file full; Please wait ...
2021-11-04 11:03:22 0 [Note] InnoDB: File 'C:\xampp\mysql\data\ibtmp1' size is now 12 MB.
2021-11-04 11:03:22 0 [Note] InnoDB: Waiting for purge to start
2021-11-04 11:03:22 0 [Note] InnoDB: 10.4.21 started; log sequence number 338664; transaction id 282
2021-11-04 11:03:22 0 [Note] InnoDB: Loading buffer pool(s) from C:\xampp\mysql\data\ib_buffer_pool
2021-11-04 11:03:22 0 [Note] Plugin 'FEEDBACK' is disabled.
2021-11-04 11:03:22 0 [Note] InnoDB: Buffer pool(s) load completed at 211104 11:03:22
2021-11-04 11:03:22 0 [Note] Server socket created on IP: '::'.
2021-11-09 17:06:44 0 [Note] InnoDB: Mutexes and rw_locks use Windows interlocked functions
2021-11-09 17:06:44 0 [Note] InnoDB: Uses event mutexes
2021-11-09 17:06:44 0 [Note] InnoDB: Compressed tables use zlib 1.2.11
2021-11-09 17:06:44 0 [Note] InnoDB: Number of pools: 1
2021-11-09 17:06:44 0 [Note] InnoDB: Using SSE2 crc32 instructions
2021-11-09 17:06:44 0 [Note] InnoDB: Initializing buffer pool, total size = 16M, instances = 1, chunk size = 16M
2021-11-09 17:06:44 0 [Note] InnoDB: Completed initialization of buffer pool
2021-11-09 17:06:44 0 [Note] InnoDB: Starting crash recovery from checkpoint LSN=338673
2021-11-09 17:06:44 0 [Note] InnoDB: 128 out of 128 rollback segments are active.
2021-11-09 17:06:44 0 [Note] InnoDB: Removed temporary tablespace data file: "ibtmp1"
2021-11-09 17:06:44 0 [Note] InnoDB: Creating shared tablespace for temporary tables
2021-11-09 17:06:44 0 [Note] InnoDB: Setting file 'C:\xampp\mysql\data\ibtmp1' size to 12 MB. Physically writing the file full; Please wait ...
2021-11-09 17:06:44 0 [Note] InnoDB: File 'C:\xampp\mysql\data\ibtmp1' size is now 12 MB.
2021-11-09 17:06:44 0 [Note] InnoDB: Waiting for purge to start
2021-11-09 17:06:45 0 [Note] InnoDB: 10.4.21 started; log sequence number 338682; transaction id 282
2021-11-09 17:06:45 0 [Note] InnoDB: Loading buffer pool(s) from C:\xampp\mysql\data\ib_buffer_pool
2021-11-09 17:06:45 0 [Note] Plugin 'FEEDBACK' is disabled.
2021-11-09 17:06:45 0 [Note] InnoDB: Buffer pool(s) load completed at 211109 17:06:45
2021-11-09 17:06:45 0 [Note] Server socket created on IP: '::'.
2021-11-09 20:07:14 0 [Note] InnoDB: Mutexes and rw_locks use Windows interlocked functions
2021-11-09 20:07:14 0 [Note] InnoDB: Uses event mutexes
2021-11-09 20:07:14 0 [Note] InnoDB: Compressed tables use zlib 1.2.11
2021-11-09 20:07:14 0 [Note] InnoDB: Number of pools: 1
2021-11-09 20:07:14 0 [Note] InnoDB: Using SSE2 crc32 instructions
2021-11-09 20:07:14 0 [Note] InnoDB: Initializing buffer pool, total size = 16M, instances = 1, chunk size = 16M
2021-11-09 20:07:14 0 [Note] InnoDB: Completed initialization of buffer pool
2021-11-09 20:07:14 0 [Note] InnoDB: Starting crash recovery from checkpoint LSN=341095
2021-11-09 20:07:14 0 [Note] InnoDB: 128 out of 128 rollback segments are active.
2021-11-09 20:07:14 0 [Note] InnoDB: Removed temporary tablespace data file: "ibtmp1"
2021-11-09 20:07:14 0 [Note] InnoDB: Creating shared tablespace for temporary tables
2021-11-09 20:07:14 0 [Note] InnoDB: Setting file 'C:\xampp\mysql\data\ibtmp1' size to 12 MB. Physically writing the file full; Please wait ...
2021-11-09 20:07:14 0 [Note] InnoDB: File 'C:\xampp\mysql\data\ibtmp1' size is now 12 MB.
2021-11-09 20:07:14 0 [Note] InnoDB: Waiting for purge to start
2021-11-09 20:07:14 0 [Note] InnoDB: 10.4.21 started; log sequence number 341104; transaction id 294
2021-11-09 20:07:14 0 [Note] InnoDB: Loading buffer pool(s) from C:\xampp\mysql\data\ib_buffer_pool
2021-11-09 20:07:14 0 [Note] Plugin 'FEEDBACK' is disabled.
2021-11-09 20:07:14 0 [Note] Server socket created on IP: '::'.
2021-11-11  9:02:39 0 [Note] InnoDB: Mutexes and rw_locks use Windows interlocked functions
2021-11-11  9:02:39 0 [Note] InnoDB: Uses event mutexes
2021-11-11  9:02:39 0 [Note] InnoDB: Compressed tables use zlib 1.2.11
2021-11-11  9:02:39 0 [Note] InnoDB: Number of pools: 1
2021-11-11  9:02:39 0 [Note] InnoDB: Using SSE2 crc32 instructions
2021-11-11  9:02:39 0 [Note] InnoDB: Initializing buffer pool, total size = 16M, instances = 1, chunk size = 16M
2021-11-11  9:02:39 0 [Note] InnoDB: Completed initialization of buffer pool
2021-11-11  9:02:39 0 [Note] InnoDB: Starting crash recovery from checkpoint LSN=341113
2021-11-11  9:02:40 0 [Note] InnoDB: 128 out of 128 rollback segments are active.
2021-11-11  9:02:40 0 [Note] InnoDB: Removed temporary tablespace data file: "ibtmp1"
2021-11-11  9:02:40 0 [Note] InnoDB: Creating shared tablespace for temporary tables
2021-11-11  9:02:40 0 [Note] InnoDB: Setting file 'C:\xampp\mysql\data\ibtmp1' size to 12 MB. Physically writing the file full; Please wait ...
2021-11-11  9:02:40 0 [Note] InnoDB: File 'C:\xampp\mysql\data\ibtmp1' size is now 12 MB.
2021-11-11  9:02:40 0 [Note] InnoDB: Waiting for purge to start
2021-11-11  9:02:40 0 [Note] InnoDB: 10.4.21 started; log sequence number 341122; transaction id 294
2021-11-11  9:02:40 0 [Note] InnoDB: Loading buffer pool(s) from C:\xampp\mysql\data\ib_buffer_pool
2021-11-11  9:02:40 0 [Note] Plugin 'FEEDBACK' is disabled.
2021-11-11  9:02:40 0 [Note] InnoDB: Buffer pool(s) load completed at 211111  9:02:40
2021-11-11  9:02:40 0 [Note] Server socket created on IP: '::'.
2021-11-12 19:31:49 0 [Note] InnoDB: Mutexes and rw_locks use Windows interlocked functions
2021-11-12 19:31:49 0 [Note] InnoDB: Uses event mutexes
2021-11-12 19:31:49 0 [Note] InnoDB: Compressed tables use zlib 1.2.11
2021-11-12 19:31:49 0 [Note] InnoDB: Number of pools: 1
2021-11-12 19:31:49 0 [Note] InnoDB: Using SSE2 crc32 instructions
2021-11-12 19:31:49 0 [Note] InnoDB: Initializing buffer pool, total size = 16M, instances = 1, chunk size = 16M
2021-11-12 19:31:49 0 [Note] InnoDB: Completed initialization of buffer pool
2021-11-12 19:31:49 0 [Note] InnoDB: Starting crash recovery from checkpoint LSN=359381
2021-11-12 19:31:50 0 [Note] InnoDB: 128 out of 128 rollback segments are active.
2021-11-12 19:31:50 0 [Note] InnoDB: Removed temporary tablespace data file: "ibtmp1"
2021-11-12 19:31:50 0 [Note] InnoDB: Creating shared tablespace for temporary tables
2021-11-12 19:31:50 0 [Note] InnoDB: Setting file 'C:\xampp\mysql\data\ibtmp1' size to 12 MB. Physically writing the file full; Please wait ...
2021-11-12 19:31:50 0 [Note] InnoDB: File 'C:\xampp\mysql\data\ibtmp1' size is now 12 MB.
2021-11-12 19:31:50 0 [Note] InnoDB: Waiting for purge to start
2021-11-12 19:31:50 0 [Note] InnoDB: 10.4.21 started; log sequence number 359390; transaction id 349
2021-11-12 19:31:50 0 [Note] InnoDB: Loading buffer pool(s) from C:\xampp\mysql\data\ib_buffer_pool
2021-11-12 19:31:50 0 [Note] Plugin 'FEEDBACK' is disabled.
2021-11-12 19:31:50 0 [Note] InnoDB: Buffer pool(s) load completed at 211112 19:31:50
2021-11-12 19:31:50 0 [Note] Server socket created on IP: '::'.
2021-11-13  2:15:15 0 [Note] InnoDB: Mutexes and rw_locks use Windows interlocked functions
2021-11-13  2:15:15 0 [Note] InnoDB: Uses event mutexes
2021-11-13  2:15:15 0 [Note] InnoDB: Compressed tables use zlib 1.2.11
2021-11-13  2:15:15 0 [Note] InnoDB: Number of pools: 1
2021-11-13  2:15:15 0 [Note] InnoDB: Using SSE2 crc32 instructions
2021-11-13  2:15:15 0 [Note] InnoDB: Initializing buffer pool, total size = 16M, instances = 1, chunk size = 16M
2021-11-13  2:15:15 0 [Note] InnoDB: Completed initialization of buffer pool
2021-11-13  2:15:15 0 [Note] InnoDB: Starting crash recovery from checkpoint LSN=440709
2021-11-13  2:15:16 0 [Note] InnoDB: 128 out of 128 rollback segments are active.
2021-11-13  2:15:16 0 [Note] InnoDB: Removed temporary tablespace data file: "ibtmp1"
2021-11-13  2:15:16 0 [Note] InnoDB: Creating shared tablespace for temporary tables
2021-11-13  2:15:16 0 [Note] InnoDB: Setting file 'C:\xampp\mysql\data\ibtmp1' size to 12 MB. Physically writing the file full; Please wait ...
2021-11-13  2:15:16 0 [Note] InnoDB: File 'C:\xampp\mysql\data\ibtmp1' size is now 12 MB.
2021-11-13  2:15:16 0 [Note] InnoDB: Waiting for purge to start
2021-11-13  2:15:16 0 [Note] InnoDB: 10.4.21 started; log sequence number 440718; transaction id 517
2021-11-13  2:15:16 0 [Note] InnoDB: Loading buffer pool(s) from C:\xampp\mysql\data\ib_buffer_pool
2021-11-13  2:15:16 0 [Note] Plugin 'FEEDBACK' is disabled.
2021-11-13  2:15:16 0 [Note] InnoDB: Buffer pool(s) load completed at 211113  2:15:16
2021-11-13  2:15:16 0 [Note] Server socket created on IP: '::'.
2021-11-18  9:18:56 0 [Note] InnoDB: Mutexes and rw_locks use Windows interlocked functions
2021-11-18  9:18:56 0 [Note] InnoDB: Uses event mutexes
2021-11-18  9:18:56 0 [Note] InnoDB: Compressed tables use zlib 1.2.11
2021-11-18  9:18:56 0 [Note] InnoDB: Number of pools: 1
2021-11-18  9:18:56 0 [Note] InnoDB: Using SSE2 crc32 instructions
2021-11-18  9:18:56 0 [Note] InnoDB: Initializing buffer pool, total size = 16M, instances = 1, chunk size = 16M
2021-11-18  9:18:56 0 [Note] InnoDB: Completed initialization of buffer pool
2021-11-18  9:18:56 0 [Note] InnoDB: Starting crash recovery from checkpoint LSN=440727
2021-11-18  9:18:56 0 [Note] InnoDB: 128 out of 128 rollback segments are active.
2021-11-18  9:18:56 0 [Note] InnoDB: Removed temporary tablespace data file: "ibtmp1"
2021-11-18  9:18:56 0 [Note] InnoDB: Creating shared tablespace for temporary tables
2021-11-18  9:18:56 0 [Note] InnoDB: Setting file 'C:\xampp\mysql\data\ibtmp1' size to 12 MB. Physically writing the file full; Please wait ...
2021-11-18  9:18:56 0 [Note] InnoDB: File 'C:\xampp\mysql\data\ibtmp1' size is now 12 MB.
2021-11-18  9:18:56 0 [Note] InnoDB: Waiting for purge to start
2021-11-18  9:18:56 0 [Note] InnoDB: 10.4.21 started; log sequence number 440736; transaction id 517
2021-11-18  9:18:56 0 [Note] InnoDB: Loading buffer pool(s) from C:\xampp\mysql\data\ib_buffer_pool
2021-11-18  9:18:56 0 [Note] Plugin 'FEEDBACK' is disabled.
2021-11-18  9:18:56 0 [Note] InnoDB: Buffer pool(s) load completed at 211118  9:18:56
2021-11-18  9:18:56 0 [Note] Server socket created on IP: '::'.
2021-11-20 19:45:45 0 [Note] InnoDB: Mutexes and rw_locks use Windows interlocked functions
2021-11-20 19:45:45 0 [Note] InnoDB: Uses event mutexes
2021-11-20 19:45:45 0 [Note] InnoDB: Compressed tables use zlib 1.2.11
2021-11-20 19:45:45 0 [Note] InnoDB: Number of pools: 1
2021-11-20 19:45:45 0 [Note] InnoDB: Using SSE2 crc32 instructions
2021-11-20 19:45:45 0 [Note] InnoDB: Initializing buffer pool, total size = 16M, instances = 1, chunk size = 16M
2021-11-20 19:45:45 0 [Note] InnoDB: Completed initialization of buffer pool
2021-11-20 19:45:45 0 [Note] InnoDB: Starting crash recovery from checkpoint LSN=440745
2021-11-20 19:45:45 0 [Note] InnoDB: 128 out of 128 rollback segments are active.
2021-11-20 19:45:45 0 [Note] InnoDB: Removed temporary tablespace data file: "ibtmp1"
2021-11-20 19:45:45 0 [Note] InnoDB: Creating shared tablespace for temporary tables
2021-11-20 19:45:45 0 [Note] InnoDB: Setting file 'C:\xampp\mysql\data\ibtmp1' size to 12 MB. Physically writing the file full; Please wait ...
2021-11-20 19:45:45 0 [Note] InnoDB: File 'C:\xampp\mysql\data\ibtmp1' size is now 12 MB.
2021-11-20 19:45:45 0 [Note] InnoDB: Waiting for purge to start
2021-11-20 19:45:45 0 [Note] InnoDB: 10.4.21 started; log sequence number 440754; transaction id 517
2021-11-20 19:45:45 0 [Note] InnoDB: Loading buffer pool(s) from C:\xampp\mysql\data\ib_buffer_pool
2021-11-20 19:45:45 0 [Note] Plugin 'FEEDBACK' is disabled.
2021-11-20 19:45:45 0 [Note] InnoDB: Buffer pool(s) load completed at 211120 19:45:45
2021-11-20 19:45:45 0 [Note] Server socket created on IP: '::'.
